<?xml version="1.0" encoding="UTF-8" ?>
<testsuite tests="205" failures="0" name="br.com.contmatic.model.template.RunnerTest" time="0.513" errors="0" skipped="0">
  <properties>
[...]
</properties>
  <testcase classname="br.com.contmatic.model.empresa.EmpresaTest" name="deve_retornar_falso_na_comparacao_de_dois_hascodes_diferentes" time="0.001"/>
  <testcase classname="br.com.contmatic.model.empresa.EmpresaTest" name="deve_retornar_falso_na_comparacao_do_get_com_cnpj_diferente_do_enviado_no_set" time="0.001"/>
  <testcase classname="br.com.contmatic.model.empresa.EmpresaTest" name="deve_retornar_falso_na_comparacao_do_get_com_endereco_diferente_do_enviado_no_set" time="0.001"/>
  <testcase classname="br.com.contmatic.model.empresa.EmpresaTest" name="deve_retornar_falso_na_comparacao_do_get_com_funcionario_diferente_do_enviado_no_set" time="0.002"/>
  <testcase classname="br.com.contmatic.model.empresa.EmpresaTest" name="deve_retornar_falso_na_comparacao_do_get_com_nome_diferente_do_enviado_no_set" time="0.001"/>
  <testcase classname="br.com.contmatic.model.empresa.EmpresaTest" name="deve_retornar_falso_na_comparacao_do_get_com_produto_diferente_do_enviado_no_set" time="0.001"/>
  <testcase classname="br.com.contmatic.model.empresa.EmpresaTest" name="deve_retornar_falso_na_comparacao_do_get_com_site_diferente_do_enviado_no_set" time="0.001"/>
  <testcase classname="br.com.contmatic.model.empresa.EmpresaTest" name="deve_retornar_falso_na_comparacao_do_get_com_telefone_diferente_do_enviado_no_set" time="0.001"/>
  <testcase classname="br.com.contmatic.model.empresa.EmpresaTest" name="deve_retornar_falso_quando_comparado_dois_objetos_de_classes_diferentes_atraves_do_equals" time="0.008"/>
  <testcase classname="br.com.contmatic.model.empresa.EmpresaTest" name="deve_retornar_falso_quando_comparado_dois_objetos_diferentes_da_mesma_classe_atraves_do_equals" time="0"/>
  <testcase classname="br.com.contmatic.model.empresa.EmpresaTest" name="deve_retornar_falso_quando_comparado_empresa_a_nulo_atraves_do_equals" time="0.005"/>
  <testcase classname="br.com.contmatic.model.empresa.EmpresaTest" name="deve_retornar_falso_quando_comparado_empresa_a_um_objeto_nulo_atraves_do_equals" time="0.001"/>
  <testcase classname="br.com.contmatic.model.empresa.EmpresaTest" name="deve_retornar_verdadeiro_na_captura_de_erro_quando_funcionarios_e_nulo" time="0.053"/>
  <testcase classname="br.com.contmatic.model.empresa.EmpresaTest" name="deve_retornar_verdadeiro_na_captura_de_erro_quando_inserido_um_cnpj_invalido" time="0.022"/>
  <testcase classname="br.com.contmatic.model.empresa.EmpresaTest" name="deve_retornar_verdadeiro_na_captura_de_erro_quando_nome_for_maior_que_o_limite" time="0.004"/>
  <testcase classname="br.com.contmatic.model.empresa.EmpresaTest" name="deve_retornar_verdadeiro_na_captura_de_erro_quando_o_cnpj_for_nulo" time="0.004"/>
  <testcase classname="br.com.contmatic.model.empresa.EmpresaTest" name="deve_retornar_verdadeiro_na_captura_de_erro_quando_produtos_e_nulo" time="0.039"/>
  <testcase classname="br.com.contmatic.model.empresa.EmpresaTest" name="deve_retornar_verdadeiro_na_captura_de_erro_quando_tiver_letra_no_cnpj" time="0.006"/>
  <testcase classname="br.com.contmatic.model.empresa.EmpresaTest" name="deve_retornar_verdadeiro_na_captura_de_erro_quando_tiver_numero_no_nome" time="0.006"/>
  <testcase classname="br.com.contmatic.model.empresa.EmpresaTest" name="deve_retornar_verdadeiro_na_captura_de_erros_quando_inserido_mais_de_um_endereco" time="0.007"/>
  <testcase classname="br.com.contmatic.model.empresa.EmpresaTest" name="deve_retornar_verdadeiro_na_captura_de_erros_quando_inserido_mais_de_um_telefone" time="0.004"/>
  <testcase classname="br.com.contmatic.model.empresa.EmpresaTest" name="deve_retornar_verdadeiro_na_captura_de_erros_quando_o_endereco_for_vazio" time="0.006"/>
  <testcase classname="br.com.contmatic.model.empresa.EmpresaTest" name="deve_retornar_verdadeiro_na_captura_de_erros_quando_o_funcionario_for_nulo" time="0.001"/>
  <testcase classname="br.com.contmatic.model.empresa.EmpresaTest" name="deve_retornar_verdadeiro_na_captura_de_erros_quando_o_funcionario_for_vazio" time="0.004"/>
  <testcase classname="br.com.contmatic.model.empresa.EmpresaTest" name="deve_retornar_verdadeiro_na_captura_de_erros_quando_o_site_for_vazio" time="0.002"/>
  <testcase classname="br.com.contmatic.model.empresa.EmpresaTest" name="deve_retornar_verdadeiro_na_captura_de_erros_quando_o_site_nao_estiver_na_formatacao_correta" time="0.033"/>
  <testcase classname="br.com.contmatic.model.empresa.EmpresaTest" name="deve_retornar_verdadeiro_na_captura_de_erros_quando_o_telefone_for_vazio" time="0.008"/>
  <testcase classname="br.com.contmatic.model.empresa.EmpresaTest" name="deve_retornar_verdadeiro_na_captura_de_erros_quando_produto_for_nulo" time="0.006"/>
  <testcase classname="br.com.contmatic.model.empresa.EmpresaTest" name="deve_retornar_verdadeiro_na_captura_de_erros_quando_produto_for_vazio" time="0.005"/>
  <testcase classname="br.com.contmatic.model.empresa.EmpresaTest" name="deve_retornar_verdadeiro_na_comparacao_de_dois_hascodes_iguais" time="0.002"/>
  <testcase classname="br.com.contmatic.model.empresa.EmpresaTest" name="deve_retornar_verdadeiro_na_comparacao_do_get_com_cnpj_igual_do_enviado_no_set" time="0.001"/>
  <testcase classname="br.com.contmatic.model.empresa.EmpresaTest" name="deve_retornar_verdadeiro_na_comparacao_do_get_com_endereco_igual_do_enviado_no_set" time="0.001"/>
  <testcase classname="br.com.contmatic.model.empresa.EmpresaTest" name="deve_retornar_verdadeiro_na_comparacao_do_get_com_funcionario_igual_do_enviado_no_set" time="0.001"/>
  <testcase classname="br.com.contmatic.model.empresa.EmpresaTest" name="deve_retornar_verdadeiro_na_comparacao_do_get_com_nome_igual_do_enviado_no_set" time="0.001"/>
  <testcase classname="br.com.contmatic.model.empresa.EmpresaTest" name="deve_retornar_verdadeiro_na_comparacao_do_get_com_produto_igual_do_enviado_no_set" time="0.001"/>
  <testcase classname="br.com.contmatic.model.empresa.EmpresaTest" name="deve_retornar_verdadeiro_na_comparacao_do_get_com_site_igual_do_enviado_no_set" time="0.001"/>
  <testcase classname="br.com.contmatic.model.empresa.EmpresaTest" name="deve_retornar_verdadeiro_na_comparacao_do_get_com_telefone_igual_do_enviado_no_set" time="0.001"/>
  <testcase classname="br.com.contmatic.model.empresa.EmpresaTest" name="deve_retornar_verdadeiro_para_um_cnpj_nao_nulo" time="0.001"/>
  <testcase classname="br.com.contmatic.model.empresa.EmpresaTest" name="deve_retornar_verdadeiro_para_um_endereco_nao_nulo" time="0.001"/>
  <testcase classname="br.com.contmatic.model.empresa.EmpresaTest" name="deve_retornar_verdadeiro_para_um_funcionario_nao_nulo" time="0.003"/>
  <testcase classname="br.com.contmatic.model.empresa.EmpresaTest" name="deve_retornar_verdadeiro_para_um_nome_nao_nulo" time="0.002"/>
  <testcase classname="br.com.contmatic.model.empresa.EmpresaTest" name="deve_retornar_verdadeiro_para_um_produto_nao_nulo" time="0.001"/>
  <testcase classname="br.com.contmatic.model.empresa.EmpresaTest" name="deve_retornar_verdadeiro_para_um_site_nao_nulo" time="0.001"/>
  <testcase classname="br.com.contmatic.model.empresa.EmpresaTest" name="deve_retornar_verdadeiro_para_um_telefone_nao_nulo" time="0"/>
  <testcase classname="br.com.contmatic.model.empresa.EmpresaTest" name="deve_retornar_verdadeiro_quando_comparado_dois_objetos_iguais_atraves_do_equals" time="0.001"/>
  <testcase classname="br.com.contmatic.model.empresa.EmpresaTest" name="deve_retornar_verdadeiro_quando_comparado_um_objeto_a_ele_mesmo_atraves_do_equals" time="0.001"/>
  <testcase classname="br.com.contmatic.model.empresa.EmpresaTest" name="deve_retornar_verdadeiro_quando_todos_os_campos_de_empresa_sao_validos" time="0.003"/>
  <testcase classname="br.com.contmatic.model.empresa.FuncionarioTest" name="dev_retornar_verdadeiro_na_captura_de_erros_quando_telefone_for_vazio" time="0.032"/>
  <testcase classname="br.com.contmatic.model.empresa.FuncionarioTest" name="deve_retornar_falso_na_comparacao_do_get_com_cargo_diferente_do_enviado_no_set" time="0.001"/>
  <testcase classname="br.com.contmatic.model.empresa.FuncionarioTest" name="deve_retornar_falso_na_comparacao_do_get_com_contratacao_diferente_do_enviado_no_set" time="0.001"/>
  <testcase classname="br.com.contmatic.model.empresa.FuncionarioTest" name="deve_retornar_falso_na_comparacao_do_get_com_endereco_diferente_do_enviado_no_set" time="0"/>
  <testcase classname="br.com.contmatic.model.empresa.FuncionarioTest" name="deve_retornar_falso_na_comparacao_do_get_com_nascimento_diferente_do_enviado_no_set" time="0.001"/>
  <testcase classname="br.com.contmatic.model.empresa.FuncionarioTest" name="deve_retornar_falso_na_comparacao_do_get_com_nome_diferente_do_enviado_no_set" time="0"/>
  <testcase classname="br.com.contmatic.model.empresa.FuncionarioTest" name="deve_retornar_falso_na_comparacao_do_get_com_salario_diferente_do_enviado_no_set" time="0.001"/>
  <testcase classname="br.com.contmatic.model.empresa.FuncionarioTest" name="deve_retornar_falso_na_comparacao_do_get_com_telefone_diferente_do_enviado_no_set" time="0"/>
  <testcase classname="br.com.contmatic.model.empresa.FuncionarioTest" name="deve_retornar_falso_na_comparacao_do_hashcode_de_dois_objetos_diferentes" time="0.001"/>
  <testcase classname="br.com.contmatic.model.empresa.FuncionarioTest" name="deve_retornar_falso_quando_comparado_dois_objetos_de_classes_diferentes_atraves_do_equals" time="0.001"/>
  <testcase classname="br.com.contmatic.model.empresa.FuncionarioTest" name="deve_retornar_falso_quando_comparado_dois_objetos_diferentes_da_mesma_classe_atraves_do_equals" time="0"/>
  <testcase classname="br.com.contmatic.model.empresa.FuncionarioTest" name="deve_retornar_falso_quando_comparado_funci0onario_a_nulo_atraves_do_equals" time="0"/>
  <testcase classname="br.com.contmatic.model.empresa.FuncionarioTest" name="deve_retornar_falso_quando_comparado_funcionario_a_um_objeto_nulo_atraves_do_equals" time="0.001"/>
  <testcase classname="br.com.contmatic.model.empresa.FuncionarioTest" name="deve_retornar_vardadeiro_para_contratacao_nao_nulo" time="0.001"/>
  <testcase classname="br.com.contmatic.model.empresa.FuncionarioTest" name="deve_retornar_vardadeiro_para_idade_nula" time="0.001"/>
  <testcase classname="br.com.contmatic.model.empresa.FuncionarioTest" name="deve_retornar_vardadeiro_para_nascimento_nao_nulo" time="0"/>
  <testcase classname="br.com.contmatic.model.empresa.FuncionarioTest" name="deve_retornar_vardadeiro_para_um_cargo_nao_nulo" time="0.001"/>
  <testcase classname="br.com.contmatic.model.empresa.FuncionarioTest" name="deve_retornar_vardadeiro_para_um_cpf_nao_nulo" time="0"/>
  <testcase classname="br.com.contmatic.model.empresa.FuncionarioTest" name="deve_retornar_vardadeiro_para_um_endereco_nao_nulo" time="0"/>
  <testcase classname="br.com.contmatic.model.empresa.FuncionarioTest" name="deve_retornar_vardadeiro_para_um_nome_nao_nulo" time="0.001"/>
  <testcase classname="br.com.contmatic.model.empresa.FuncionarioTest" name="deve_retornar_vardadeiro_para_um_salario_nao_nulo" time="0.001"/>
  <testcase classname="br.com.contmatic.model.empresa.FuncionarioTest" name="deve_retornar_vardadeiro_para_um_telefone_nao_nulo" time="0.001"/>
  <testcase classname="br.com.contmatic.model.empresa.FuncionarioTest" name="deve_retornar_verdadeiro_na_captura_de_erro_quando_cpf_for_maior_que_o_permitido" time="0.002"/>
  <testcase classname="br.com.contmatic.model.empresa.FuncionarioTest" name="deve_retornar_verdadeiro_na_captura_de_erro_quando_cpf_for_nulo" time="0.001"/>
  <testcase classname="br.com.contmatic.model.empresa.FuncionarioTest" name="deve_retornar_verdadeiro_na_captura_de_erro_quando_idade_nao_for_nula" time="0.002"/>
  <testcase classname="br.com.contmatic.model.empresa.FuncionarioTest" name="deve_retornar_verdadeiro_na_captura_de_erro_quando_o_cargo_for_vazio" time="0.002"/>
  <testcase classname="br.com.contmatic.model.empresa.FuncionarioTest" name="deve_retornar_verdadeiro_na_captura_de_erro_quando_o_cpf_possui_letras" time="0.001"/>
  <testcase classname="br.com.contmatic.model.empresa.FuncionarioTest" name="deve_retornar_verdadeiro_na_captura_de_erro_quando_o_nome_for_vazio" time="0.002"/>
  <testcase classname="br.com.contmatic.model.empresa.FuncionarioTest" name="deve_retornar_verdadeiro_na_captura_de_erro_quando_salario_for_maior_que_o_permitido" time="0.002"/>
  <testcase classname="br.com.contmatic.model.empresa.FuncionarioTest" name="deve_retornar_verdadeiro_na_captura_de_erro_quando_salario_for_menor_que_o_permitido" time="0.001"/>
  <testcase classname="br.com.contmatic.model.empresa.FuncionarioTest" name="deve_retornar_verdadeiro_na_captura_de_erro_quando_tiver_numero_no_cargo" time="0.002"/>
  <testcase classname="br.com.contmatic.model.empresa.FuncionarioTest" name="deve_retornar_verdadeiro_na_captura_de_erro_quando_tiver_numero_no_nome" time="0.002"/>
  <testcase classname="br.com.contmatic.model.empresa.FuncionarioTest" name="deve_retornar_verdadeiro_na_captura_de_erros_quando_endereco_for_vazio" time="0.032"/>
  <testcase classname="br.com.contmatic.model.empresa.FuncionarioTest" name="deve_retornar_verdadeiro_na_captura_de_erros_quando_inserido_mais_de_um_endereco" time="0.004"/>
  <testcase classname="br.com.contmatic.model.empresa.FuncionarioTest" name="deve_retornar_verdadeiro_na_captura_de_erros_quando_inserido_mais_de_um_telefone" time="0.01"/>
  <testcase classname="br.com.contmatic.model.empresa.FuncionarioTest" name="deve_retornar_verdadeiro_na_comparacao_do_get_com_cargo_igual_do_enviado_no_set" time="0"/>
  <testcase classname="br.com.contmatic.model.empresa.FuncionarioTest" name="deve_retornar_verdadeiro_na_comparacao_do_get_com_contratacao_igual_do_enviado_no_set" time="0.001"/>
  <testcase classname="br.com.contmatic.model.empresa.FuncionarioTest" name="deve_retornar_verdadeiro_na_comparacao_do_get_com_cpf_igual_do_enviado_no_set" time="0"/>
  <testcase classname="br.com.contmatic.model.empresa.FuncionarioTest" name="deve_retornar_verdadeiro_na_comparacao_do_get_com_endereco_igual_do_enviado_no_set" time="0.001"/>
  <testcase classname="br.com.contmatic.model.empresa.FuncionarioTest" name="deve_retornar_verdadeiro_na_comparacao_do_get_com_nascimento_igual_do_enviado_no_set" time="0.001"/>
  <testcase classname="br.com.contmatic.model.empresa.FuncionarioTest" name="deve_retornar_verdadeiro_na_comparacao_do_get_com_nome_igual_do_enviado_no_set" time="0"/>
  <testcase classname="br.com.contmatic.model.empresa.FuncionarioTest" name="deve_retornar_verdadeiro_na_comparacao_do_get_com_salario_igual_do_enviado_no_set" time="0.001"/>
  <testcase classname="br.com.contmatic.model.empresa.FuncionarioTest" name="deve_retornar_verdadeiro_na_comparacao_do_get_com_telefone_igual_do_enviado_no_set" time="0"/>
  <testcase classname="br.com.contmatic.model.empresa.FuncionarioTest" name="deve_retornar_verdadeiro_na_comparacao_do_hashcode_de_dois_objetos_iguais" time="0.001"/>
  <testcase classname="br.com.contmatic.model.empresa.FuncionarioTest" name="deve_retornar_verdadeiro_quando_comparado_dois_objetos_iguais_atraves_do_equals" time="0"/>
  <testcase classname="br.com.contmatic.model.empresa.FuncionarioTest" name="deve_retornar_verdadeiro_quando_comparado_um_objeto_a_ele_mesmo_atraves_do_equals" time="0.001"/>
  <testcase classname="br.com.contmatic.model.produto.ProdutoTest" name="deve_retornar_verdadeiro_para_fim_de_producao_nao_nulo" time="0"/>
  <testcase classname="br.com.contmatic.model.produto.ProdutoTest" name="deve_retornar_falso_na_comparacao_do_hashcode_de_dois_objetos_diferentes" time="0.001"/>
  <testcase classname="br.com.contmatic.model.produto.ProdutoTest" name="deve_retornar_verdadeiro_para_marca_nao_nulo" time="0"/>
  <testcase classname="br.com.contmatic.model.produto.ProdutoTest" name="deve_retornar_falso_na_comparacao_do_get_com_codigo_diferente_do_enviado_no_set" time="0"/>
  <testcase classname="br.com.contmatic.model.produto.ProdutoTest" name="deve_retornar_falso_na_comparacao_do_get_com_fim_de_producao_diferente_do_enviado_no_set" time="0"/>
  <testcase classname="br.com.contmatic.model.produto.ProdutoTest" name="deve_retornar_falso_quando_comparado_dois_objetos_de_classes_diferentes_atraves_do_equals" time="0"/>
  <testcase classname="br.com.contmatic.model.produto.ProdutoTest" name="deve_retornar_falso_quando_comparado_produto_a_um_objeto_nulo_atraves_do_equals" time="0.001"/>
  <testcase classname="br.com.contmatic.model.produto.ProdutoTest" name="deve_retornar_verdadeiro_na_captura_de_erro_quando_preco_for_nulo" time="0.015"/>
  <testcase classname="br.com.contmatic.model.produto.ProdutoTest" name="deve_retornar_verdadeiro_na_comparacao_do_hashcode_de_dois_objetos_iguais" time="0"/>
  <testcase classname="br.com.contmatic.model.produto.ProdutoTest" name="deve_retornar_verdadeiro_na_captura_de_erro_quando_preco_for_menor_que_o_permitido" time="0.001"/>
  <testcase classname="br.com.contmatic.model.produto.ProdutoTest" name="deve_retornar_falso_na_comparacao_do_get_com_marca_diferente_do_enviado_no_set" time="0.001"/>
  <testcase classname="br.com.contmatic.model.produto.ProdutoTest" name="deve_retornar_verdadeiro_na_captura_de_erro_quando_nome_for_nulo" time="0.001"/>
  <testcase classname="br.com.contmatic.model.produto.ProdutoTest" name="deve_retornar_verdadeiro_na_comparacao_do_get_com_codigo_igual_do_enviado_no_set" time="0.009"/>
  <testcase classname="br.com.contmatic.model.produto.ProdutoTest" name="deve_retornar_verdadeiro_para_um_preco_nao_nulo" time="0"/>
  <testcase classname="br.com.contmatic.model.produto.ProdutoTest" name="deve_retornar_verdadeiro_na_comparacao_do_get_com_preco_igual_do_enviado_no_set" time="0.002"/>
  <testcase classname="br.com.contmatic.model.produto.ProdutoTest" name="deve_retornar_falso_na_comparacao_do_get_preco_nome_diferente_do_enviado_no_set" time="0.001"/>
  <testcase classname="br.com.contmatic.model.produto.ProdutoTest" name="deve_retornar_verdadeiro_para_um_nome_nao_nulo" time="0"/>
  <testcase classname="br.com.contmatic.model.produto.ProdutoTest" name="deve_retornar_verdadeiro_na_comparacao_do_get_com_nome_igual_do_enviado_no_set" time="0"/>
  <testcase classname="br.com.contmatic.model.produto.ProdutoTest" name="deve_retornar_verdadeiro_na_captura_de_erro_quando_nome_possuir_caracteres_invalidos" time="0.001"/>
  <testcase classname="br.com.contmatic.model.produto.ProdutoTest" name="deve_retornar_falso_quando_comparado_dois_objetos_diferentes_da_mesma_classe_atraves_do_equals" time="0.001"/>
  <testcase classname="br.com.contmatic.model.produto.ProdutoTest" name="deve_retornar_verdadeiro_na_comparacao_do_get_com_marca_igual_do_enviado_no_set" time="0"/>
  <testcase classname="br.com.contmatic.model.produto.ProdutoTest" name="deve_retornar_verdadeiro_na_captura_de_erro_quando_fim_de_producao_for_uma_data_do_passado" time="0.001"/>
  <testcase classname="br.com.contmatic.model.produto.ProdutoTest" name="deve_retornar_falso_na_comparacao_do_get_com_nome_diferente_do_enviado_no_set" time="0"/>
  <testcase classname="br.com.contmatic.model.produto.ProdutoTest" name="deve_retornar_verdadeiro_na_captura_de_erro_quando_marca_possuir_caracteres_invalidos" time="0"/>
  <testcase classname="br.com.contmatic.model.produto.ProdutoTest" name="deve_retornar_verdadeiro_na_captura_de_erro_quando_marca_for_nulo" time="0.001"/>
  <testcase classname="br.com.contmatic.model.produto.ProdutoTest" name="deve_retornar_verdadeiro_na_comparacao_do_get_com_fim_de_producao_igual_do_enviado_no_set" time="0.001"/>
  <testcase classname="br.com.contmatic.model.produto.ProdutoTest" name="deve_retornar_verdadeiro_quando_comparado_dois_objetos_iguais_atraves_do_equals" time="0"/>
  <testcase classname="br.com.contmatic.model.produto.ProdutoTest" name="deve_retornar_verdadeiro_quando_comparado_um_objeto_a_ele_mesmo_atraves_do_equals" time="0.001"/>
  <testcase classname="br.com.contmatic.model.produto.ProdutoTest" name="deve_retornar_falso_quando_comparado_produto_a_nulo_atraves_do_equals" time="0"/>
  <testcase classname="br.com.contmatic.model.produto.ProdutoTest" name="deve_retornar_verdadeiro_para_um_codigo_nao_nulo" time="0"/>
  <testcase classname="br.com.contmatic.model.endereco.EnderecoTest" name="deve_retornar_verdadeiro_na_captura_de_erro_quando_cep_for_nulo" time="0.013"/>
  <testcase classname="br.com.contmatic.model.endereco.EnderecoTest" name="deve_retornar_verdadeiro_na_comparacao_do_get_com_bairro_igual_do_enviado_no_set" time="0"/>
  <testcase classname="br.com.contmatic.model.endereco.EnderecoTest" name="deve_retornar_falso_na_comparacao_do_get_com_cep_diferente_do_enviado_no_set" time="0.001"/>
  <testcase classname="br.com.contmatic.model.endereco.EnderecoTest" name="deve_retornar_verdadeiro_para_um_estado_nao_nulo" time="0"/>
  <testcase classname="br.com.contmatic.model.endereco.EnderecoTest" name="deve_retornar_verdadeiro_na_comparacao_do_get_com_numero_igual_do_enviado_no_set" time="0"/>
  <testcase classname="br.com.contmatic.model.endereco.EnderecoTest" name="deve_retornar_falso_na_comparacao_do_hashcode_de_dois_objetos_diferentes" time="0.001"/>
  <testcase classname="br.com.contmatic.model.endereco.EnderecoTest" name="deve_retornar_falso_na_comparacao_do_get_com_complemente_diferente_do_enviado_no_set" time="0"/>
  <testcase classname="br.com.contmatic.model.endereco.EnderecoTest" name="deve_retornar_falso_quando_comparado_endereco_a_nulo_atraves_do_equals" time="0.001"/>
  <testcase classname="br.com.contmatic.model.endereco.EnderecoTest" name="deve_retornar_verdadeiro_para_um_cep_nao_nulo" time="0"/>
  <testcase classname="br.com.contmatic.model.endereco.EnderecoTest" name="deve_retornar_falso_quando_comparado_dois_objetos_de_classes_diferentes_atraves_do_equals" time="0"/>
  <testcase classname="br.com.contmatic.model.endereco.EnderecoTest" name="deve_retornar_verdadeiro_na_comparacao_do_get_com_rua_igual_do_enviado_no_set" time="0.001"/>
  <testcase classname="br.com.contmatic.model.endereco.EnderecoTest" name="deve_retornar_falso_na_comparacao_do_get_com_numero_diferente_do_enviado_no_set" time="0.001"/>
  <testcase classname="br.com.contmatic.model.endereco.EnderecoTest" name="deve_retornar_verdadeiro_na_comparacao_do_hashcode_de_dois_objetos_iguais" time="0"/>
  <testcase classname="br.com.contmatic.model.endereco.EnderecoTest" name="deve_retornar_verdadeiro_na_comparacao_do_get_com_estado_igual_do_enviado_no_set" time="0"/>
  <testcase classname="br.com.contmatic.model.endereco.EnderecoTest" name="deve_retornar_verdadeiro_na_captura_de_erro_quando_for_inserido_letra_no_cep" time="0"/>
  <testcase classname="br.com.contmatic.model.endereco.EnderecoTest" name="deve_retornar_verdadeiro_na_comparacao_do_get_com_cep_igual_do_enviado_no_set" time="0.001"/>
  <testcase classname="br.com.contmatic.model.endereco.EnderecoTest" name="deve_retornar_falso_na_comparacao_do_get_com_bairro_diferente_do_enviado_no_set" time="0"/>
  <testcase classname="br.com.contmatic.model.endereco.EnderecoTest" name="deve_retornar_verdadeiro_na_captura_de_erro_quando_for_inserido_numero_no_bairro" time="0"/>
  <testcase classname="br.com.contmatic.model.endereco.EnderecoTest" name="deve_retornar_verdadeiro_para_um_bairro_nao_nulo" time="0.001"/>
  <testcase classname="br.com.contmatic.model.endereco.EnderecoTest" name="deve_retornar_falso_quando_comparado_endereco_a_um_objeto_nulo_atraves_do_equals" time="0"/>
  <testcase classname="br.com.contmatic.model.endereco.EnderecoTest" name="deve_retornar_verdadeiro_para_um_rua_nao_nulo" time="0"/>
  <testcase classname="br.com.contmatic.model.endereco.EnderecoTest" name="deve_retornar_verdadeiro_na_captura_de_erro_quando_o_complemento_for_maior_que_o_tamanho_maximo" time="0.001"/>
  <testcase classname="br.com.contmatic.model.endereco.EnderecoTest" name="deve_retornar_verdadeiro_na_captura_de_erro_quando_rua_tiver_caractere_especial" time="0.001"/>
  <testcase classname="br.com.contmatic.model.endereco.EnderecoTest" name="deve_retornar_verdadeiro_na_comparacao_do_get_com_complemento_igual_do_enviado_no_set" time="0.001"/>
  <testcase classname="br.com.contmatic.model.endereco.EnderecoTest" name="deve_retornar_falso_quando_comparado_dois_objetos_diferentes_da_mesma_classe_atraves_do_equals" time="0"/>
  <testcase classname="br.com.contmatic.model.endereco.EnderecoTest" name="deve_retornar_verdadeiro_na_captura_de_erro_quando_for_inserido_caractere_especial_no_complemento" time="0.001"/>
  <testcase classname="br.com.contmatic.model.endereco.EnderecoTest" name="deve_retornar_verdadeiro_para_um_numero_nao_nulo" time="0"/>
  <testcase classname="br.com.contmatic.model.endereco.EnderecoTest" name="deve_retornar_verdadeiro_na_captura_de_erro_quando_bairro_for_nulo" time="0"/>
  <testcase classname="br.com.contmatic.model.endereco.EnderecoTest" name="deve_retornar_verdadeiro_na_captura_de_erro_quando_rua_for_vazia" time="0.001"/>
  <testcase classname="br.com.contmatic.model.endereco.EnderecoTest" name="deve_retornar_verdadeiro_para_um_complemento_nao_nulo" time="0"/>
  <testcase classname="br.com.contmatic.model.endereco.EnderecoTest" name="deve_retornar_falso_na_comparacao_do_get_com_rua_diferente_do_enviado_no_set" time="0"/>
  <testcase classname="br.com.contmatic.model.endereco.EnderecoTest" name="deve_retornar_verdadeiro_quando_comparado_dois_objetos_iguais_atraves_do_equals" time="0"/>
  <testcase classname="br.com.contmatic.model.endereco.EnderecoTest" name="deve_retornar_verdadeiro_quando_comparado_um_objeto_a_ele_mesmo_atraves_do_equals" time="0"/>
  <testcase classname="br.com.contmatic.model.endereco.EnderecoTest" name="deve_retornar_verdadeiro_na_captura_de_erro_quando_numero_for_maior_que_o_permitido" time="0.001"/>
  <testcase classname="br.com.contmatic.model.endereco.EnderecoTest" name="deve_retornar_verdadeiro_na_captura_de_erro_quando_bairro_tiver_mais_de_40_caracteres" time="0.001"/>
  <testcase classname="br.com.contmatic.model.empresa.ClienteTest" name="deve_retornar_falso_na_comparacao_do_get_com_cpf_diferente_do_enviado_no_set" time="0"/>
  <testcase classname="br.com.contmatic.model.empresa.ClienteTest" name="deve_retornar_falso_na_comparacao_do_get_com_email_diferente_do_enviado_no_set" time="0.001"/>
  <testcase classname="br.com.contmatic.model.empresa.ClienteTest" name="deve_retornar_falso_na_comparacao_do_get_com_nome_diferente_do_enviado_no_set" time="0"/>
  <testcase classname="br.com.contmatic.model.empresa.ClienteTest" name="deve_retornar_falso_na_comparacao_do_get_com_telefone_diferente_do_enviado_no_set" time="0.001"/>
  <testcase classname="br.com.contmatic.model.empresa.ClienteTest" name="deve_retornar_falso_na_comparacao_do_hashcode_de_dois_objetos_diferentes" time="0.002"/>
  <testcase classname="br.com.contmatic.model.empresa.ClienteTest" name="deve_retornar_falso_quando_comparado_cliente_a_um_objeto_nulo_atraves_do_equals" time="0.001"/>
  <testcase classname="br.com.contmatic.model.empresa.ClienteTest" name="deve_retornar_falso_quando_comparado_dois_objetos_de_classes_diferentes_atraves_do_equals" time="0"/>
  <testcase classname="br.com.contmatic.model.empresa.ClienteTest" name="deve_retornar_falso_quando_comparado_dois_objetos_diferentes_da_mesma_classe_atraves_do_equals" time="0.001"/>
  <testcase classname="br.com.contmatic.model.empresa.ClienteTest" name="deve_retornar_vardadeiro_para_um_cpf_nao_nulo" time="0"/>
  <testcase classname="br.com.contmatic.model.empresa.ClienteTest" name="deve_retornar_vardadeiro_para_um_email_nao_nulo" time="0"/>
  <testcase classname="br.com.contmatic.model.empresa.ClienteTest" name="deve_retornar_vardadeiro_para_um_endereco_nao_nulo" time="0"/>
  <testcase classname="br.com.contmatic.model.empresa.ClienteTest" name="deve_retornar_vardadeiro_para_um_nome_nao_nulo" time="0"/>
  <testcase classname="br.com.contmatic.model.empresa.ClienteTest" name="deve_retornar_verdadeiro_na_captura_de_erro_quando_cpf_for_maior_que_o_permitido" time="0.021"/>
  <testcase classname="br.com.contmatic.model.empresa.ClienteTest" name="deve_retornar_verdadeiro_na_captura_de_erro_quando_email_for_nulo" time="0.004"/>
  <testcase classname="br.com.contmatic.model.empresa.ClienteTest" name="deve_retornar_verdadeiro_na_captura_de_erro_quando_o_nome_for_vazio" time="0"/>
  <testcase classname="br.com.contmatic.model.empresa.ClienteTest" name="deve_retornar_verdadeiro_na_captura_de_erro_quando_tiver_letra_no_cpf" time="0.002"/>
  <testcase classname="br.com.contmatic.model.empresa.ClienteTest" name="deve_retornar_verdadeiro_na_captura_de_erro_quando_tiver_numero_no_nome" time="0.001"/>
  <testcase classname="br.com.contmatic.model.empresa.ClienteTest" name="deve_retornar_verdadeiro_na_captura_de_erros_quando_endereco_for_vazio" time="0.002"/>
  <testcase classname="br.com.contmatic.model.empresa.ClienteTest" name="deve_retornar_verdadeiro_na_captura_de_erros_quando_inserido_mais_de_um_endereco" time="0.002"/>
  <testcase classname="br.com.contmatic.model.empresa.ClienteTest" name="deve_retornar_verdadeiro_na_captura_de_erros_quando_inserido_mais_de_um_telefone" time="0.014"/>
  <testcase classname="br.com.contmatic.model.empresa.ClienteTest" name="deve_retornar_verdadeiro_na_captura_de_erros_quando_telefone_for_vazio" time="0.002"/>
  <testcase classname="br.com.contmatic.model.empresa.ClienteTest" name="deve_retornar_verdadeiro_na_comparacao_do_get_com_cpf_igual_do_enviado_no_set" time="0"/>
  <testcase classname="br.com.contmatic.model.empresa.ClienteTest" name="deve_retornar_verdadeiro_na_comparacao_do_get_com_email_igual_do_enviado_no_set" time="0"/>
  <testcase classname="br.com.contmatic.model.empresa.ClienteTest" name="deve_retornar_verdadeiro_na_comparacao_do_get_com_endereco_igual_do_enviado_no_set" time="0"/>
  <testcase classname="br.com.contmatic.model.empresa.ClienteTest" name="deve_retornar_verdadeiro_na_comparacao_do_get_com_nome_igual_do_enviado_no_set" time="0"/>
  <testcase classname="br.com.contmatic.model.empresa.ClienteTest" name="deve_retornar_verdadeiro_na_comparacao_do_get_com_telefone_igual_do_enviado_no_set" time="0.019"/>
  <testcase classname="br.com.contmatic.model.empresa.ClienteTest" name="deve_retornar_verdadeiro_na_comparacao_do_hashcode_de_dois_objetos_iguais" time="0"/>
  <testcase classname="br.com.contmatic.model.empresa.ClienteTest" name="deve_retornar_verdadeiro_quando_comparado_dois_objetos_iguais_atraves_do_equals" time="0"/>
  <testcase classname="br.com.contmatic.model.empresa.ClienteTest" name="deve_retornar_verdadeiro_quando_comparado_um_objeto_a_ele_mesmo_atraves_do_equals" time="0.001"/>
  <testcase classname="br.com.contmatic.model.empresa.ClienteTest" name="deve_retornarverdadeiro_para_um_telefone_não_nulo" time="0"/>
  <testcase classname="br.com.contmatic.model.telefone.TelefoneTest" name="deve_retornar_verdadeiro_quando_todos_os_campos_de_telefone_sao_validos" time="0.002"/>
  <testcase classname="br.com.contmatic.model.telefone.TelefoneTest" name="deve_retornar_verdadeiro_na_comparacao_do_get_com_a_tipo_igual_do_enviado_no_set" time="0.001"/>
  <testcase classname="br.com.contmatic.model.telefone.TelefoneTest" name="deve_retornar_falso_na_comparacao_de_um_telefone_com_outro_obejto_usando_equals" time="0"/>
  <testcase classname="br.com.contmatic.model.telefone.TelefoneTest" name="deve_retornar_verdadeiro_na_comparacao_do_get_com_numero_igual_do_enviado_no_set" time="0"/>
  <testcase classname="br.com.contmatic.model.telefone.TelefoneTest" name="deve_retornar_verdadeiro_na_comparacao_de_dois_telefones_iguais_com_equals" time="0"/>
  <testcase classname="br.com.contmatic.model.telefone.TelefoneTest" name="deve_retornar_falso_na_comparacao_de_dois_telefones_diferentes_com_equals" time="0.001"/>
  <testcase classname="br.com.contmatic.model.telefone.TelefoneTest" name="deve_retornar_verdadeiro_para_um_ddd_nao_nulo" time="0"/>
  <testcase classname="br.com.contmatic.model.telefone.TelefoneTest" name="deve_retornar_verdadeiro_para_um_tipo_nao_nulo" time="0"/>
  <testcase classname="br.com.contmatic.model.telefone.TelefoneTest" name="deve_retornar_falso_na_comparacao_de_um_telefone_com_null_usando_o_equals_" time="0"/>
  <testcase classname="br.com.contmatic.model.telefone.TelefoneTest" name="deve_retornar_verdadeiro_na_captura_de_erro_quando_o_numero_de_telefone_e_nulo" time="0"/>
  <testcase classname="br.com.contmatic.model.telefone.TelefoneTest" name="deve_retornar_verdadeiro_na_comparacao_do_get_com_ddd_igual_do_enviado_no_set" time="0"/>
  <testcase classname="br.com.contmatic.model.telefone.TelefoneTest" name="deve_retornar_falso_na_comparacao_de_dois_hascodes_diferentes" time="0"/>
  <testcase classname="br.com.contmatic.model.telefone.TelefoneTest" name="deve_retornar_verdadeiro_na_captura_de_erro_quando_o_numero_tiver_letra_ou_caractere_especial" time="0"/>
  <testcase classname="br.com.contmatic.model.telefone.TelefoneTest" name="deve_retornar_verdadeiro_para_um_numero_nao_nulo" time="0"/>
  <testcase classname="br.com.contmatic.model.telefone.TelefoneTest" name="deve_retornar_verdadeiro_na_comparacao_de_dois_hascodes_iguais" time="0"/>
  <testcase classname="br.com.contmatic.model.telefone.TelefoneTest" name="deve_retornar_verdadeiro_na_comparacao_do_get_com_tamanho_do_tipo_igual_do_enviado_no_set" time="0"/>
  <testcase classname="br.com.contmatic.model.telefone.TelefoneTest" name="deve_retornar_verdadeiro_na_comparacao_do_get_com_a_regiao_do_ddd_igual_do_enviado_no_set" time="0"/>
</testsuite>