<?xml version="1.0" encoding="UTF-8" ?>
<testsuite tests="25" failures="0" name="br.com.contmatic.produto.ProdutoTest" time="0" errors="0" skipped="0">
  <properties>
[...]
</properties>
  <testcase classname="br.com.contmatic.produto.ProdutoTest" name="should_return_false_to_differents_hashcode_class_Produto" time="0"/>
  <testcase classname="br.com.contmatic.produto.ProdutoTest" name="should_return_true_to_nome_is_not_null" time="0"/>
  <testcase classname="br.com.contmatic.produto.ProdutoTest" name="should_return_true_to_marca_is_not_null" time="0"/>
  <testcase classname="br.com.contmatic.produto.ProdutoTest" name="should_return_true_to_correct_input_codigoProduto" time="0"/>
  <testcase classname="br.com.contmatic.produto.ProdutoTest" name="should_return_true_to_produto_is_not_null" time="0"/>
  <testcase classname="br.com.contmatic.produto.ProdutoTest" name="should_return_false_to_wrong_input_marca" time="0"/>
  <testcase classname="br.com.contmatic.produto.ProdutoTest" name="should_return_false_to_wrong_input_preco" time="0"/>
  <testcase classname="br.com.contmatic.produto.ProdutoTest" name="should_return_false_when_equals_compare_class_with_a_number" time="0"/>
  <testcase classname="br.com.contmatic.produto.ProdutoTest" name="should_return_a_exception_when_marca_is_null" time="0"/>
  <testcase classname="br.com.contmatic.produto.ProdutoTest" name="should_return_true_to_preco_is_not_null" time="0"/>
  <testcase classname="br.com.contmatic.produto.ProdutoTest" name="should_return_true_to_correct_input_nome" time="0"/>
  <testcase classname="br.com.contmatic.produto.ProdutoTest" name="should_return_true_to_the_same_hashcode_class_produto" time="0"/>
  <testcase classname="br.com.contmatic.produto.ProdutoTest" name="should_return_true_if_tostring_contains_nome" time="0"/>
  <testcase classname="br.com.contmatic.produto.ProdutoTest" name="should_return_true_to_correct_input_marca" time="0"/>
  <testcase classname="br.com.contmatic.produto.ProdutoTest" name="should_return_true_to_correct_input_preco" time="0"/>
  <testcase classname="br.com.contmatic.produto.ProdutoTest" name="should_return_a_exception_when_name_is_null" time="0"/>
  <testcase classname="br.com.contmatic.produto.ProdutoTest" name="should_return_false_to_wrong_input_codigoProduto" time="0"/>
  <testcase classname="br.com.contmatic.produto.ProdutoTest" name="should_return_false_to_wrong_input_nome" time="0"/>
  <testcase classname="br.com.contmatic.produto.ProdutoTest" name="should_return_true_if_tostring_contains_marca" time="0"/>
  <testcase classname="br.com.contmatic.produto.ProdutoTest" name="should_return_true_if_tostring_contains_preco" time="0"/>
  <testcase classname="br.com.contmatic.produto.ProdutoTest" name="should_return_true_if_tostring_contains_codigo" time="0"/>
  <testcase classname="br.com.contmatic.produto.ProdutoTest" name="should_return_false_to_equals_with_a_null_class" time="0"/>
  <testcase classname="br.com.contmatic.produto.ProdutoTest" name="should_return_false_to_equals_with_same_object" time="0"/>
  <testcase classname="br.com.contmatic.produto.ProdutoTest" name="should_return_true_different_equals_class_produto" time="0"/>
  <testcase classname="br.com.contmatic.produto.ProdutoTest" name="should_return_true_to_the_same_equals_class_produto" time="0"/>
</testsuite>