<?xml version="1.0" encoding="UTF-8" ?>
<testsuite tests="17" failures="0" name="br.com.contmatic.model.telefone.TelefoneTest" time="0" errors="0" skipped="0">
  <properties>
[...]
</properties>
  <testcase classname="br.com.contmatic.model.telefone.TelefoneTest" name="deve_retornar_verdadeiro_quando_todos_os_campos_de_telefone_sao_validos" time="0"/>
  <testcase classname="br.com.contmatic.model.telefone.TelefoneTest" name="deve_retornar_verdadeiro_na_comparacao_do_get_com_a_tipo_igual_do_enviado_no_set" time="0"/>
  <testcase classname="br.com.contmatic.model.telefone.TelefoneTest" name="deve_retornar_falso_na_comparacao_de_um_telefone_com_outro_obejto_usando_equals" time="0"/>
  <testcase classname="br.com.contmatic.model.telefone.TelefoneTest" name="deve_retornar_verdadeiro_na_comparacao_do_get_com_numero_igual_do_enviado_no_set" time="0"/>
  <testcase classname="br.com.contmatic.model.telefone.TelefoneTest" name="deve_retornar_verdadeiro_na_comparacao_de_dois_telefones_iguais_com_equals" time="0"/>
  <testcase classname="br.com.contmatic.model.telefone.TelefoneTest" name="deve_retornar_falso_na_comparacao_de_dois_telefones_diferentes_com_equals" time="0"/>
  <testcase classname="br.com.contmatic.model.telefone.TelefoneTest" name="deve_retornar_verdadeiro_para_um_ddd_nao_nulo" time="0"/>
  <testcase classname="br.com.contmatic.model.telefone.TelefoneTest" name="deve_retornar_verdadeiro_para_um_tipo_nao_nulo" time="0"/>
  <testcase classname="br.com.contmatic.model.telefone.TelefoneTest" name="deve_retornar_falso_na_comparacao_de_um_telefone_com_null_usando_o_equals_" time="0"/>
  <testcase classname="br.com.contmatic.model.telefone.TelefoneTest" name="deve_retornar_verdadeiro_na_captura_de_erro_quando_o_numero_de_telefone_e_nulo" time="0"/>
  <testcase classname="br.com.contmatic.model.telefone.TelefoneTest" name="deve_retornar_verdadeiro_na_comparacao_do_get_com_ddd_igual_do_enviado_no_set" time="0"/>
  <testcase classname="br.com.contmatic.model.telefone.TelefoneTest" name="deve_retornar_falso_na_comparacao_de_dois_hascodes_diferentes" time="0"/>
  <testcase classname="br.com.contmatic.model.telefone.TelefoneTest" name="deve_retornar_verdadeiro_na_captura_de_erro_quando_o_numero_tiver_letra_ou_caractere_especial" time="0"/>
  <testcase classname="br.com.contmatic.model.telefone.TelefoneTest" name="deve_retornar_verdadeiro_para_um_numero_nao_nulo" time="0"/>
  <testcase classname="br.com.contmatic.model.telefone.TelefoneTest" name="deve_retornar_verdadeiro_na_comparacao_de_dois_hascodes_iguais" time="0"/>
  <testcase classname="br.com.contmatic.model.telefone.TelefoneTest" name="deve_retornar_verdadeiro_na_comparacao_do_get_com_tamanho_do_tipo_igual_do_enviado_no_set" time="0"/>
  <testcase classname="br.com.contmatic.model.telefone.TelefoneTest" name="deve_retornar_verdadeiro_na_comparacao_do_get_com_a_regiao_do_ddd_igual_do_enviado_no_set" time="0"/>
</testsuite>