<?xml version="1.0" encoding="UTF-8" ?>
<testsuite tests="47" failures="0" name="br.com.contmatic.model.empresa.EmpresaTest" time="0.443" errors="0" skipped="0">
  <properties>
[...]
</properties>
  <testcase classname="br.com.contmatic.model.empresa.EmpresaTest" name="deve_retornar_falso_na_comparacao_de_dois_hascodes_diferentes" time="0.031"/>
  <testcase classname="br.com.contmatic.model.empresa.EmpresaTest" name="deve_retornar_falso_na_comparacao_do_get_com_cnpj_diferente_do_enviado_no_set" time="0"/>
  <testcase classname="br.com.contmatic.model.empresa.EmpresaTest" name="deve_retornar_falso_na_comparacao_do_get_com_endereco_diferente_do_enviado_no_set" time="0.006"/>
  <testcase classname="br.com.contmatic.model.empresa.EmpresaTest" name="deve_retornar_falso_na_comparacao_do_get_com_funcionario_diferente_do_enviado_no_set" time="0.003"/>
  <testcase classname="br.com.contmatic.model.empresa.EmpresaTest" name="deve_retornar_falso_na_comparacao_do_get_com_nome_diferente_do_enviado_no_set" time="0.002"/>
  <testcase classname="br.com.contmatic.model.empresa.EmpresaTest" name="deve_retornar_falso_na_comparacao_do_get_com_produto_diferente_do_enviado_no_set" time="0.004"/>
  <testcase classname="br.com.contmatic.model.empresa.EmpresaTest" name="deve_retornar_falso_na_comparacao_do_get_com_site_diferente_do_enviado_no_set" time="0.006"/>
  <testcase classname="br.com.contmatic.model.empresa.EmpresaTest" name="deve_retornar_falso_na_comparacao_do_get_com_telefone_diferente_do_enviado_no_set" time="0.002"/>
  <testcase classname="br.com.contmatic.model.empresa.EmpresaTest" name="deve_retornar_falso_quando_comparado_dois_objetos_de_classes_diferentes_atraves_do_equals" time="0.003"/>
  <testcase classname="br.com.contmatic.model.empresa.EmpresaTest" name="deve_retornar_falso_quando_comparado_dois_objetos_diferentes_da_mesma_classe_atraves_do_equals" time="0.008"/>
  <testcase classname="br.com.contmatic.model.empresa.EmpresaTest" name="deve_retornar_falso_quando_comparado_empresa_a_nulo_atraves_do_equals" time="0.006"/>
  <testcase classname="br.com.contmatic.model.empresa.EmpresaTest" name="deve_retornar_falso_quando_comparado_empresa_a_um_objeto_nulo_atraves_do_equals" time="0.005"/>
  <testcase classname="br.com.contmatic.model.empresa.EmpresaTest" name="deve_retornar_verdadeiro_na_captura_de_erro_quando_funcionarios_e_nulo" time="0.102"/>
  <testcase classname="br.com.contmatic.model.empresa.EmpresaTest" name="deve_retornar_verdadeiro_na_captura_de_erro_quando_inserido_um_cnpj_invalido" time="0.061"/>
  <testcase classname="br.com.contmatic.model.empresa.EmpresaTest" name="deve_retornar_verdadeiro_na_captura_de_erro_quando_nome_for_maior_que_o_limite" time="0.009"/>
  <testcase classname="br.com.contmatic.model.empresa.EmpresaTest" name="deve_retornar_verdadeiro_na_captura_de_erro_quando_o_cnpj_for_nulo" time="0.022"/>
  <testcase classname="br.com.contmatic.model.empresa.EmpresaTest" name="deve_retornar_verdadeiro_na_captura_de_erro_quando_produtos_e_nulo" time="0.013"/>
  <testcase classname="br.com.contmatic.model.empresa.EmpresaTest" name="deve_retornar_verdadeiro_na_captura_de_erro_quando_tiver_letra_no_cnpj" time="0.014"/>
  <testcase classname="br.com.contmatic.model.empresa.EmpresaTest" name="deve_retornar_verdadeiro_na_captura_de_erro_quando_tiver_numero_no_nome" time="0.01"/>
  <testcase classname="br.com.contmatic.model.empresa.EmpresaTest" name="deve_retornar_verdadeiro_na_captura_de_erros_quando_inserido_mais_de_um_endereco" time="0.01"/>
  <testcase classname="br.com.contmatic.model.empresa.EmpresaTest" name="deve_retornar_verdadeiro_na_captura_de_erros_quando_inserido_mais_de_um_telefone" time="0.009"/>
  <testcase classname="br.com.contmatic.model.empresa.EmpresaTest" name="deve_retornar_verdadeiro_na_captura_de_erros_quando_o_endereco_for_vazio" time="0.01"/>
  <testcase classname="br.com.contmatic.model.empresa.EmpresaTest" name="deve_retornar_verdadeiro_na_captura_de_erros_quando_o_funcionario_for_nulo" time="0.004"/>
  <testcase classname="br.com.contmatic.model.empresa.EmpresaTest" name="deve_retornar_verdadeiro_na_captura_de_erros_quando_o_funcionario_for_vazio" time="0.009"/>
  <testcase classname="br.com.contmatic.model.empresa.EmpresaTest" name="deve_retornar_verdadeiro_na_captura_de_erros_quando_o_site_for_vazio" time="0.023"/>
  <testcase classname="br.com.contmatic.model.empresa.EmpresaTest" name="deve_retornar_verdadeiro_na_captura_de_erros_quando_o_site_nao_estiver_na_formatacao_correta" time="0.003"/>
  <testcase classname="br.com.contmatic.model.empresa.EmpresaTest" name="deve_retornar_verdadeiro_na_captura_de_erros_quando_o_telefone_for_vazio" time="0.007"/>
  <testcase classname="br.com.contmatic.model.empresa.EmpresaTest" name="deve_retornar_verdadeiro_na_captura_de_erros_quando_produto_for_nulo" time="0.005"/>
  <testcase classname="br.com.contmatic.model.empresa.EmpresaTest" name="deve_retornar_verdadeiro_na_captura_de_erros_quando_produto_for_vazio" time="0.009"/>
  <testcase classname="br.com.contmatic.model.empresa.EmpresaTest" name="deve_retornar_verdadeiro_na_comparacao_de_dois_hascodes_iguais" time="0.001"/>
  <testcase classname="br.com.contmatic.model.empresa.EmpresaTest" name="deve_retornar_verdadeiro_na_comparacao_do_get_com_cnpj_igual_do_enviado_no_set" time="0.002"/>
  <testcase classname="br.com.contmatic.model.empresa.EmpresaTest" name="deve_retornar_verdadeiro_na_comparacao_do_get_com_endereco_igual_do_enviado_no_set" time="0.005"/>
  <testcase classname="br.com.contmatic.model.empresa.EmpresaTest" name="deve_retornar_verdadeiro_na_comparacao_do_get_com_funcionario_igual_do_enviado_no_set" time="0.001"/>
  <testcase classname="br.com.contmatic.model.empresa.EmpresaTest" name="deve_retornar_verdadeiro_na_comparacao_do_get_com_nome_igual_do_enviado_no_set" time="0"/>
  <testcase classname="br.com.contmatic.model.empresa.EmpresaTest" name="deve_retornar_verdadeiro_na_comparacao_do_get_com_produto_igual_do_enviado_no_set" time="0.006"/>
  <testcase classname="br.com.contmatic.model.empresa.EmpresaTest" name="deve_retornar_verdadeiro_na_comparacao_do_get_com_site_igual_do_enviado_no_set" time="0"/>
  <testcase classname="br.com.contmatic.model.empresa.EmpresaTest" name="deve_retornar_verdadeiro_na_comparacao_do_get_com_telefone_igual_do_enviado_no_set" time="0.002"/>
  <testcase classname="br.com.contmatic.model.empresa.EmpresaTest" name="deve_retornar_verdadeiro_para_um_cnpj_nao_nulo" time="0.002"/>
  <testcase classname="br.com.contmatic.model.empresa.EmpresaTest" name="deve_retornar_verdadeiro_para_um_endereco_nao_nulo" time="0.003"/>
  <testcase classname="br.com.contmatic.model.empresa.EmpresaTest" name="deve_retornar_verdadeiro_para_um_funcionario_nao_nulo" time="0.005"/>
  <testcase classname="br.com.contmatic.model.empresa.EmpresaTest" name="deve_retornar_verdadeiro_para_um_nome_nao_nulo" time="0.002"/>
  <testcase classname="br.com.contmatic.model.empresa.EmpresaTest" name="deve_retornar_verdadeiro_para_um_produto_nao_nulo" time="0"/>
  <testcase classname="br.com.contmatic.model.empresa.EmpresaTest" name="deve_retornar_verdadeiro_para_um_site_nao_nulo" time="0.003"/>
  <testcase classname="br.com.contmatic.model.empresa.EmpresaTest" name="deve_retornar_verdadeiro_para_um_telefone_nao_nulo" time="0.002"/>
  <testcase classname="br.com.contmatic.model.empresa.EmpresaTest" name="deve_retornar_verdadeiro_quando_comparado_dois_objetos_iguais_atraves_do_equals" time="0.002"/>
  <testcase classname="br.com.contmatic.model.empresa.EmpresaTest" name="deve_retornar_verdadeiro_quando_comparado_um_objeto_a_ele_mesmo_atraves_do_equals" time="0.003"/>
  <testcase classname="br.com.contmatic.model.empresa.EmpresaTest" name="deve_retornar_verdadeiro_quando_todos_os_campos_de_empresa_sao_validos" time="0.008"/>
</testsuite>